2017-10-22 10:29:24,150 - Starting ProductCategoryDaoTest on xiaocai-PC with PID 1880 (started by xiaocai in D:\dev\workspace\java\endorse_t)
2017-10-22 10:29:24,151 - No active profile set, falling back to default profiles: default
2017-10-22 10:29:24,182 - Refreshing org.springframework.web.context.support.GenericWebApplicationContext@7d9d0818: startup date [Sun Oct 22 10:29:24 CST 2017]; root of context hierarchy
2017-10-22 10:29:24,503 - HV000001: Hibernate Validator 5.3.5.Final
2017-10-22 10:29:25,812 - Building JPA container EntityManagerFactory for persistence unit 'default'
2017-10-22 10:29:25,826 - HHH000204: Processing PersistenceUnitInfo [
	name: default
	...]
2017-10-22 10:29:25,907 - HHH000412: Hibernate Core {5.0.12.Final}
2017-10-22 10:29:25,908 - HHH000206: hibernate.properties not found
2017-10-22 10:29:25,909 - HHH000021: Bytecode provider name : javassist
2017-10-22 10:29:25,957 - HCANN000001: Hibernate Commons Annotations {5.0.1.Final}
2017-10-22 10:29:26,087 - HHH000400: Using dialect: org.hibernate.dialect.MySQL5Dialect
2017-10-22 10:29:26,570 - Exception encountered during context initialization - cancelling refresh attempt: org.springframework.beans.factory.BeanCreationException: Error creating bean with name 'entityManagerFactory' defined in class path resource [org/springframework/boot/autoconfigure/orm/jpa/HibernateJpaAutoConfiguration.class]: Invocation of init method failed; nested exception is org.hibernate.AnnotationException: No identifier specified for entity: com.xiaocai.endorse_t.dataobject.ProductCategory
2017-10-22 10:29:26,577 - 

Error starting ApplicationContext. To display the auto-configuration report re-run your application with 'debug' enabled.
2017-10-22 10:31:06,082 - Starting ProductCategoryDaoTest on xiaocai-PC with PID 7592 (started by xiaocai in D:\dev\workspace\java\endorse_t)
2017-10-22 10:31:06,082 - No active profile set, falling back to default profiles: default
2017-10-22 10:31:06,116 - Refreshing org.springframework.web.context.support.GenericWebApplicationContext@7d9d0818: startup date [Sun Oct 22 10:31:06 CST 2017]; root of context hierarchy
2017-10-22 10:31:06,389 - HV000001: Hibernate Validator 5.3.5.Final
2017-10-22 10:31:07,679 - Building JPA container EntityManagerFactory for persistence unit 'default'
2017-10-22 10:31:07,692 - HHH000204: Processing PersistenceUnitInfo [
	name: default
	...]
2017-10-22 10:31:07,750 - HHH000412: Hibernate Core {5.0.12.Final}
2017-10-22 10:31:07,751 - HHH000206: hibernate.properties not found
2017-10-22 10:31:07,753 - HHH000021: Bytecode provider name : javassist
2017-10-22 10:31:07,788 - HCANN000001: Hibernate Commons Annotations {5.0.1.Final}
2017-10-22 10:31:07,876 - HHH000400: Using dialect: org.hibernate.dialect.MySQL5Dialect
2017-10-22 10:31:08,580 - Initialized JPA EntityManagerFactory for persistence unit 'default'
2017-10-22 10:31:09,217 - Looking for @ControllerAdvice: org.springframework.web.context.support.GenericWebApplicationContext@7d9d0818: startup date [Sun Oct 22 10:31:06 CST 2017]; root of context hierarchy
2017-10-22 10:31:09,291 - Mapped "{[/hello]}" onto public java.lang.String com.xiaocai.endorse_t.controller.HelloController.hello()
2017-10-22 10:31:09,292 - Mapped "{[/error]}" onto public org.springframework.http.ResponseEntity<java.util.Map<java.lang.String, java.lang.Object>> org.springframework.boot.autoconfigure.web.BasicErrorController.error(javax.servlet.http.HttpServletRequest)
2017-10-22 10:31:09,293 - Mapped "{[/error],produces=[text/html]}" onto public org.springframework.web.servlet.ModelAndView org.springframework.boot.autoconfigure.web.BasicErrorController.errorHtml(javax.servlet.http.HttpServletRequest,javax.servlet.http.HttpServletResponse)
2017-10-22 10:31:09,323 - Mapped URL path [/webjars/**] onto handler of type [class org.springframework.web.servlet.resource.ResourceHttpRequestHandler]
2017-10-22 10:31:09,323 - Mapped URL path [/**] onto handler of type [class org.springframework.web.servlet.resource.ResourceHttpRequestHandler]
2017-10-22 10:31:09,357 - Mapped URL path [/**/favicon.ico] onto handler of type [class org.springframework.web.servlet.resource.ResourceHttpRequestHandler]
2017-10-22 10:31:09,599 - Started ProductCategoryDaoTest in 4.032 seconds (JVM running for 4.705)
2017-10-22 10:31:09,720 - Closing org.springframework.web.context.support.GenericWebApplicationContext@7d9d0818: startup date [Sun Oct 22 10:31:06 CST 2017]; root of context hierarchy
2017-10-22 10:31:09,722 - Closing JPA EntityManagerFactory for persistence unit 'default'
2017-10-22 10:36:57,866 - Starting ProductCategoryDaoTest on xiaocai-PC with PID 3288 (started by xiaocai in D:\dev\workspace\java\endorse_t)
2017-10-22 10:36:57,867 - No active profile set, falling back to default profiles: default
2017-10-22 10:36:57,907 - Refreshing org.springframework.web.context.support.GenericWebApplicationContext@221a3fa4: startup date [Sun Oct 22 10:36:57 CST 2017]; root of context hierarchy
2017-10-22 10:36:58,247 - HV000001: Hibernate Validator 5.3.5.Final
2017-10-22 10:36:59,609 - Building JPA container EntityManagerFactory for persistence unit 'default'
2017-10-22 10:36:59,621 - HHH000204: Processing PersistenceUnitInfo [
	name: default
	...]
2017-10-22 10:36:59,672 - HHH000412: Hibernate Core {5.0.12.Final}
2017-10-22 10:36:59,673 - HHH000206: hibernate.properties not found
2017-10-22 10:36:59,674 - HHH000021: Bytecode provider name : javassist
2017-10-22 10:36:59,705 - HCANN000001: Hibernate Commons Annotations {5.0.1.Final}
2017-10-22 10:36:59,789 - HHH000400: Using dialect: org.hibernate.dialect.MySQL5Dialect
2017-10-22 10:37:00,478 - Initialized JPA EntityManagerFactory for persistence unit 'default'
2017-10-22 10:37:01,118 - Looking for @ControllerAdvice: org.springframework.web.context.support.GenericWebApplicationContext@221a3fa4: startup date [Sun Oct 22 10:36:57 CST 2017]; root of context hierarchy
2017-10-22 10:37:01,182 - Mapped "{[/hello]}" onto public java.lang.String com.xiaocai.endorse_t.controller.HelloController.hello()
2017-10-22 10:37:01,184 - Mapped "{[/error]}" onto public org.springframework.http.ResponseEntity<java.util.Map<java.lang.String, java.lang.Object>> org.springframework.boot.autoconfigure.web.BasicErrorController.error(javax.servlet.http.HttpServletRequest)
2017-10-22 10:37:01,184 - Mapped "{[/error],produces=[text/html]}" onto public org.springframework.web.servlet.ModelAndView org.springframework.boot.autoconfigure.web.BasicErrorController.errorHtml(javax.servlet.http.HttpServletRequest,javax.servlet.http.HttpServletResponse)
2017-10-22 10:37:01,208 - Mapped URL path [/webjars/**] onto handler of type [class org.springframework.web.servlet.resource.ResourceHttpRequestHandler]
2017-10-22 10:37:01,208 - Mapped URL path [/**] onto handler of type [class org.springframework.web.servlet.resource.ResourceHttpRequestHandler]
2017-10-22 10:37:01,241 - Mapped URL path [/**/favicon.ico] onto handler of type [class org.springframework.web.servlet.resource.ResourceHttpRequestHandler]
2017-10-22 10:37:01,474 - Started ProductCategoryDaoTest in 4.164 seconds (JVM running for 4.79)
2017-10-22 10:37:01,604 - Closing org.springframework.web.context.support.GenericWebApplicationContext@221a3fa4: startup date [Sun Oct 22 10:36:57 CST 2017]; root of context hierarchy
2017-10-22 10:37:01,606 - Closing JPA EntityManagerFactory for persistence unit 'default'
2017-10-22 10:52:09,970 - Starting ProductCategoryDaoTest on xiaocai-PC with PID 9004 (started by xiaocai in D:\dev\workspace\java\endorse_t)
2017-10-22 10:52:09,971 - No active profile set, falling back to default profiles: default
2017-10-22 10:52:10,007 - Refreshing org.springframework.web.context.support.GenericWebApplicationContext@221a3fa4: startup date [Sun Oct 22 10:52:10 CST 2017]; root of context hierarchy
2017-10-22 10:52:10,309 - HV000001: Hibernate Validator 5.3.5.Final
2017-10-22 10:52:11,598 - Building JPA container EntityManagerFactory for persistence unit 'default'
2017-10-22 10:52:11,611 - HHH000204: Processing PersistenceUnitInfo [
	name: default
	...]
2017-10-22 10:52:11,665 - HHH000412: Hibernate Core {5.0.12.Final}
2017-10-22 10:52:11,666 - HHH000206: hibernate.properties not found
2017-10-22 10:52:11,667 - HHH000021: Bytecode provider name : javassist
2017-10-22 10:52:11,697 - HCANN000001: Hibernate Commons Annotations {5.0.1.Final}
2017-10-22 10:52:11,781 - HHH000400: Using dialect: org.hibernate.dialect.MySQL5Dialect
2017-10-22 10:52:12,458 - Initialized JPA EntityManagerFactory for persistence unit 'default'
2017-10-22 10:52:13,044 - Looking for @ControllerAdvice: org.springframework.web.context.support.GenericWebApplicationContext@221a3fa4: startup date [Sun Oct 22 10:52:10 CST 2017]; root of context hierarchy
2017-10-22 10:52:13,114 - Mapped "{[/hello]}" onto public java.lang.String com.xiaocai.endorse_t.controller.HelloController.hello()
2017-10-22 10:52:13,116 - Mapped "{[/error]}" onto public org.springframework.http.ResponseEntity<java.util.Map<java.lang.String, java.lang.Object>> org.springframework.boot.autoconfigure.web.BasicErrorController.error(javax.servlet.http.HttpServletRequest)
2017-10-22 10:52:13,117 - Mapped "{[/error],produces=[text/html]}" onto public org.springframework.web.servlet.ModelAndView org.springframework.boot.autoconfigure.web.BasicErrorController.errorHtml(javax.servlet.http.HttpServletRequest,javax.servlet.http.HttpServletResponse)
2017-10-22 10:52:13,139 - Mapped URL path [/webjars/**] onto handler of type [class org.springframework.web.servlet.resource.ResourceHttpRequestHandler]
2017-10-22 10:52:13,140 - Mapped URL path [/**] onto handler of type [class org.springframework.web.servlet.resource.ResourceHttpRequestHandler]
2017-10-22 10:52:13,172 - Mapped URL path [/**/favicon.ico] onto handler of type [class org.springframework.web.servlet.resource.ResourceHttpRequestHandler]
2017-10-22 10:52:13,421 - Started ProductCategoryDaoTest in 3.974 seconds (JVM running for 4.579)
2017-10-22 10:52:13,577 - Closing org.springframework.web.context.support.GenericWebApplicationContext@221a3fa4: startup date [Sun Oct 22 10:52:10 CST 2017]; root of context hierarchy
2017-10-22 10:52:13,579 - Closing JPA EntityManagerFactory for persistence unit 'default'
2017-10-22 10:54:46,376 - Starting ProductCategoryDaoTest on xiaocai-PC with PID 8164 (started by xiaocai in D:\dev\workspace\java\endorse_t)
2017-10-22 10:54:46,377 - No active profile set, falling back to default profiles: default
2017-10-22 10:54:46,413 - Refreshing org.springframework.web.context.support.GenericWebApplicationContext@221a3fa4: startup date [Sun Oct 22 10:54:46 CST 2017]; root of context hierarchy
2017-10-22 10:54:46,773 - HV000001: Hibernate Validator 5.3.5.Final
2017-10-22 10:54:48,136 - Building JPA container EntityManagerFactory for persistence unit 'default'
2017-10-22 10:54:48,149 - HHH000204: Processing PersistenceUnitInfo [
	name: default
	...]
2017-10-22 10:54:48,212 - HHH000412: Hibernate Core {5.0.12.Final}
2017-10-22 10:54:48,213 - HHH000206: hibernate.properties not found
2017-10-22 10:54:48,214 - HHH000021: Bytecode provider name : javassist
2017-10-22 10:54:48,249 - HCANN000001: Hibernate Commons Annotations {5.0.1.Final}
2017-10-22 10:54:48,339 - HHH000400: Using dialect: org.hibernate.dialect.MySQL5Dialect
2017-10-22 10:54:49,032 - Initialized JPA EntityManagerFactory for persistence unit 'default'
2017-10-22 10:54:49,703 - Looking for @ControllerAdvice: org.springframework.web.context.support.GenericWebApplicationContext@221a3fa4: startup date [Sun Oct 22 10:54:46 CST 2017]; root of context hierarchy
2017-10-22 10:54:49,766 - Mapped "{[/hello]}" onto public java.lang.String com.xiaocai.endorse_t.controller.HelloController.hello()
2017-10-22 10:54:49,768 - Mapped "{[/error]}" onto public org.springframework.http.ResponseEntity<java.util.Map<java.lang.String, java.lang.Object>> org.springframework.boot.autoconfigure.web.BasicErrorController.error(javax.servlet.http.HttpServletRequest)
2017-10-22 10:54:49,769 - Mapped "{[/error],produces=[text/html]}" onto public org.springframework.web.servlet.ModelAndView org.springframework.boot.autoconfigure.web.BasicErrorController.errorHtml(javax.servlet.http.HttpServletRequest,javax.servlet.http.HttpServletResponse)
2017-10-22 10:54:49,790 - Mapped URL path [/webjars/**] onto handler of type [class org.springframework.web.servlet.resource.ResourceHttpRequestHandler]
2017-10-22 10:54:49,790 - Mapped URL path [/**] onto handler of type [class org.springframework.web.servlet.resource.ResourceHttpRequestHandler]
2017-10-22 10:54:49,832 - Mapped URL path [/**/favicon.ico] onto handler of type [class org.springframework.web.servlet.resource.ResourceHttpRequestHandler]
2017-10-22 10:54:50,076 - Started ProductCategoryDaoTest in 4.278 seconds (JVM running for 4.871)
2017-10-22 10:54:50,186 - SQL Error: 0, SQLState: S1009
2017-10-22 10:54:50,188 - HHH000327: Error performing load command : org.hibernate.exception.GenericJDBCException: Could not read entity state from ResultSet : EntityKey[com.xiaocai.endorse_t.dataobject.ProductCategory#2]
2017-10-22 10:54:50,205 - Closing org.springframework.web.context.support.GenericWebApplicationContext@221a3fa4: startup date [Sun Oct 22 10:54:46 CST 2017]; root of context hierarchy
2017-10-22 10:54:50,207 - Closing JPA EntityManagerFactory for persistence unit 'default'
2017-10-22 10:55:55,698 - Starting ProductCategoryDaoTest on xiaocai-PC with PID 4816 (started by xiaocai in D:\dev\workspace\java\endorse_t)
2017-10-22 10:55:55,699 - No active profile set, falling back to default profiles: default
2017-10-22 10:55:55,737 - Refreshing org.springframework.web.context.support.GenericWebApplicationContext@221a3fa4: startup date [Sun Oct 22 10:55:55 CST 2017]; root of context hierarchy
2017-10-22 10:55:56,006 - HV000001: Hibernate Validator 5.3.5.Final
2017-10-22 10:55:57,222 - Building JPA container EntityManagerFactory for persistence unit 'default'
2017-10-22 10:55:57,235 - HHH000204: Processing PersistenceUnitInfo [
	name: default
	...]
2017-10-22 10:55:57,288 - HHH000412: Hibernate Core {5.0.12.Final}
2017-10-22 10:55:57,289 - HHH000206: hibernate.properties not found
2017-10-22 10:55:57,290 - HHH000021: Bytecode provider name : javassist
2017-10-22 10:55:57,322 - HCANN000001: Hibernate Commons Annotations {5.0.1.Final}
2017-10-22 10:55:57,408 - HHH000400: Using dialect: org.hibernate.dialect.MySQL5Dialect
2017-10-22 10:55:58,091 - Initialized JPA EntityManagerFactory for persistence unit 'default'
2017-10-22 10:55:58,732 - Looking for @ControllerAdvice: org.springframework.web.context.support.GenericWebApplicationContext@221a3fa4: startup date [Sun Oct 22 10:55:55 CST 2017]; root of context hierarchy
2017-10-22 10:55:58,797 - Mapped "{[/hello]}" onto public java.lang.String com.xiaocai.endorse_t.controller.HelloController.hello()
2017-10-22 10:55:58,800 - Mapped "{[/error]}" onto public org.springframework.http.ResponseEntity<java.util.Map<java.lang.String, java.lang.Object>> org.springframework.boot.autoconfigure.web.BasicErrorController.error(javax.servlet.http.HttpServletRequest)
2017-10-22 10:55:58,800 - Mapped "{[/error],produces=[text/html]}" onto public org.springframework.web.servlet.ModelAndView org.springframework.boot.autoconfigure.web.BasicErrorController.errorHtml(javax.servlet.http.HttpServletRequest,javax.servlet.http.HttpServletResponse)
2017-10-22 10:55:58,824 - Mapped URL path [/webjars/**] onto handler of type [class org.springframework.web.servlet.resource.ResourceHttpRequestHandler]
2017-10-22 10:55:58,824 - Mapped URL path [/**] onto handler of type [class org.springframework.web.servlet.resource.ResourceHttpRequestHandler]
2017-10-22 10:55:58,860 - Mapped URL path [/**/favicon.ico] onto handler of type [class org.springframework.web.servlet.resource.ResourceHttpRequestHandler]
2017-10-22 10:55:59,092 - Started ProductCategoryDaoTest in 3.878 seconds (JVM running for 4.456)
2017-10-22 10:55:59,185 - SQL Error: 0, SQLState: S1009
2017-10-22 10:55:59,186 - HHH000327: Error performing load command : org.hibernate.exception.GenericJDBCException: Could not read entity state from ResultSet : EntityKey[com.xiaocai.endorse_t.dataobject.ProductCategory#1]
2017-10-22 10:55:59,216 - Closing org.springframework.web.context.support.GenericWebApplicationContext@221a3fa4: startup date [Sun Oct 22 10:55:55 CST 2017]; root of context hierarchy
2017-10-22 10:55:59,218 - Closing JPA EntityManagerFactory for persistence unit 'default'
2017-10-22 10:57:21,428 - Starting ProductCategoryDaoTest on xiaocai-PC with PID 1644 (started by xiaocai in D:\dev\workspace\java\endorse_t)
2017-10-22 10:57:21,428 - No active profile set, falling back to default profiles: default
2017-10-22 10:57:21,462 - Refreshing org.springframework.web.context.support.GenericWebApplicationContext@221a3fa4: startup date [Sun Oct 22 10:57:21 CST 2017]; root of context hierarchy
2017-10-22 10:57:21,705 - HV000001: Hibernate Validator 5.3.5.Final
2017-10-22 10:57:22,940 - Building JPA container EntityManagerFactory for persistence unit 'default'
2017-10-22 10:57:22,953 - HHH000204: Processing PersistenceUnitInfo [
	name: default
	...]
2017-10-22 10:57:23,008 - HHH000412: Hibernate Core {5.0.12.Final}
2017-10-22 10:57:23,009 - HHH000206: hibernate.properties not found
2017-10-22 10:57:23,011 - HHH000021: Bytecode provider name : javassist
2017-10-22 10:57:23,045 - HCANN000001: Hibernate Commons Annotations {5.0.1.Final}
2017-10-22 10:57:23,140 - HHH000400: Using dialect: org.hibernate.dialect.MySQL5Dialect
2017-10-22 10:57:23,815 - Initialized JPA EntityManagerFactory for persistence unit 'default'
2017-10-22 10:57:24,427 - Looking for @ControllerAdvice: org.springframework.web.context.support.GenericWebApplicationContext@221a3fa4: startup date [Sun Oct 22 10:57:21 CST 2017]; root of context hierarchy
2017-10-22 10:57:24,490 - Mapped "{[/hello]}" onto public java.lang.String com.xiaocai.endorse_t.controller.HelloController.hello()
2017-10-22 10:57:24,493 - Mapped "{[/error]}" onto public org.springframework.http.ResponseEntity<java.util.Map<java.lang.String, java.lang.Object>> org.springframework.boot.autoconfigure.web.BasicErrorController.error(javax.servlet.http.HttpServletRequest)
2017-10-22 10:57:24,494 - Mapped "{[/error],produces=[text/html]}" onto public org.springframework.web.servlet.ModelAndView org.springframework.boot.autoconfigure.web.BasicErrorController.errorHtml(javax.servlet.http.HttpServletRequest,javax.servlet.http.HttpServletResponse)
2017-10-22 10:57:24,522 - Mapped URL path [/webjars/**] onto handler of type [class org.springframework.web.servlet.resource.ResourceHttpRequestHandler]
2017-10-22 10:57:24,522 - Mapped URL path [/**] onto handler of type [class org.springframework.web.servlet.resource.ResourceHttpRequestHandler]
2017-10-22 10:57:24,561 - Mapped URL path [/**/favicon.ico] onto handler of type [class org.springframework.web.servlet.resource.ResourceHttpRequestHandler]
2017-10-22 10:57:24,814 - Started ProductCategoryDaoTest in 3.899 seconds (JVM running for 4.476)
2017-10-22 10:57:24,933 - SQL Error: 0, SQLState: S1009
2017-10-22 10:57:24,935 - HHH000327: Error performing load command : org.hibernate.exception.GenericJDBCException: Could not read entity state from ResultSet : EntityKey[com.xiaocai.endorse_t.dataobject.ProductCategory#1]
2017-10-22 10:57:24,952 - Closing org.springframework.web.context.support.GenericWebApplicationContext@221a3fa4: startup date [Sun Oct 22 10:57:21 CST 2017]; root of context hierarchy
2017-10-22 10:57:24,954 - Closing JPA EntityManagerFactory for persistence unit 'default'
2017-10-22 10:58:47,911 - Starting ProductCategoryDaoTest on xiaocai-PC with PID 7048 (started by xiaocai in D:\dev\workspace\java\endorse_t)
2017-10-22 10:58:47,915 - No active profile set, falling back to default profiles: default
2017-10-22 10:58:47,948 - Refreshing org.springframework.web.context.support.GenericWebApplicationContext@221a3fa4: startup date [Sun Oct 22 10:58:47 CST 2017]; root of context hierarchy
2017-10-22 10:58:48,192 - HV000001: Hibernate Validator 5.3.5.Final
2017-10-22 10:58:49,408 - Building JPA container EntityManagerFactory for persistence unit 'default'
2017-10-22 10:58:49,421 - HHH000204: Processing PersistenceUnitInfo [
	name: default
	...]
2017-10-22 10:58:49,482 - HHH000412: Hibernate Core {5.0.12.Final}
2017-10-22 10:58:49,483 - HHH000206: hibernate.properties not found
2017-10-22 10:58:49,485 - HHH000021: Bytecode provider name : javassist
2017-10-22 10:58:49,517 - HCANN000001: Hibernate Commons Annotations {5.0.1.Final}
2017-10-22 10:58:49,605 - HHH000400: Using dialect: org.hibernate.dialect.MySQL5Dialect
2017-10-22 10:58:50,290 - Initialized JPA EntityManagerFactory for persistence unit 'default'
2017-10-22 10:58:50,876 - Looking for @ControllerAdvice: org.springframework.web.context.support.GenericWebApplicationContext@221a3fa4: startup date [Sun Oct 22 10:58:47 CST 2017]; root of context hierarchy
2017-10-22 10:58:50,943 - Mapped "{[/hello]}" onto public java.lang.String com.xiaocai.endorse_t.controller.HelloController.hello()
2017-10-22 10:58:50,945 - Mapped "{[/error]}" onto public org.springframework.http.ResponseEntity<java.util.Map<java.lang.String, java.lang.Object>> org.springframework.boot.autoconfigure.web.BasicErrorController.error(javax.servlet.http.HttpServletRequest)
2017-10-22 10:58:50,946 - Mapped "{[/error],produces=[text/html]}" onto public org.springframework.web.servlet.ModelAndView org.springframework.boot.autoconfigure.web.BasicErrorController.errorHtml(javax.servlet.http.HttpServletRequest,javax.servlet.http.HttpServletResponse)
2017-10-22 10:58:50,971 - Mapped URL path [/webjars/**] onto handler of type [class org.springframework.web.servlet.resource.ResourceHttpRequestHandler]
2017-10-22 10:58:50,971 - Mapped URL path [/**] onto handler of type [class org.springframework.web.servlet.resource.ResourceHttpRequestHandler]
2017-10-22 10:58:51,007 - Mapped URL path [/**/favicon.ico] onto handler of type [class org.springframework.web.servlet.resource.ResourceHttpRequestHandler]
2017-10-22 10:58:51,230 - Started ProductCategoryDaoTest in 3.829 seconds (JVM running for 4.44)
2017-10-22 10:58:51,351 - SQL Error: 0, SQLState: S1009
2017-10-22 10:58:51,354 - HHH000327: Error performing load command : org.hibernate.exception.GenericJDBCException: Could not read entity state from ResultSet : EntityKey[com.xiaocai.endorse_t.dataobject.ProductCategory#1]
2017-10-22 10:58:51,372 - Closing org.springframework.web.context.support.GenericWebApplicationContext@221a3fa4: startup date [Sun Oct 22 10:58:47 CST 2017]; root of context hierarchy
2017-10-22 10:58:51,373 - Closing JPA EntityManagerFactory for persistence unit 'default'
2017-10-22 11:00:56,542 - Starting ProductCategoryDaoTest on xiaocai-PC with PID 4176 (started by xiaocai in D:\dev\workspace\java\endorse_t)
2017-10-22 11:00:56,543 - No active profile set, falling back to default profiles: default
2017-10-22 11:00:56,576 - Refreshing org.springframework.web.context.support.GenericWebApplicationContext@221a3fa4: startup date [Sun Oct 22 11:00:56 CST 2017]; root of context hierarchy
2017-10-22 11:00:56,830 - HV000001: Hibernate Validator 5.3.5.Final
2017-10-22 11:00:58,117 - Building JPA container EntityManagerFactory for persistence unit 'default'
2017-10-22 11:00:58,130 - HHH000204: Processing PersistenceUnitInfo [
	name: default
	...]
2017-10-22 11:00:58,184 - HHH000412: Hibernate Core {5.0.12.Final}
2017-10-22 11:00:58,185 - HHH000206: hibernate.properties not found
2017-10-22 11:00:58,186 - HHH000021: Bytecode provider name : javassist
2017-10-22 11:00:58,217 - HCANN000001: Hibernate Commons Annotations {5.0.1.Final}
2017-10-22 11:00:58,305 - HHH000400: Using dialect: org.hibernate.dialect.MySQL5Dialect
2017-10-22 11:00:58,973 - Initialized JPA EntityManagerFactory for persistence unit 'default'
2017-10-22 11:00:59,608 - Looking for @ControllerAdvice: org.springframework.web.context.support.GenericWebApplicationContext@221a3fa4: startup date [Sun Oct 22 11:00:56 CST 2017]; root of context hierarchy
2017-10-22 11:00:59,678 - Mapped "{[/hello]}" onto public java.lang.String com.xiaocai.endorse_t.controller.HelloController.hello()
2017-10-22 11:00:59,680 - Mapped "{[/error]}" onto public org.springframework.http.ResponseEntity<java.util.Map<java.lang.String, java.lang.Object>> org.springframework.boot.autoconfigure.web.BasicErrorController.error(javax.servlet.http.HttpServletRequest)
2017-10-22 11:00:59,680 - Mapped "{[/error],produces=[text/html]}" onto public org.springframework.web.servlet.ModelAndView org.springframework.boot.autoconfigure.web.BasicErrorController.errorHtml(javax.servlet.http.HttpServletRequest,javax.servlet.http.HttpServletResponse)
2017-10-22 11:00:59,705 - Mapped URL path [/webjars/**] onto handler of type [class org.springframework.web.servlet.resource.ResourceHttpRequestHandler]
2017-10-22 11:00:59,705 - Mapped URL path [/**] onto handler of type [class org.springframework.web.servlet.resource.ResourceHttpRequestHandler]
2017-10-22 11:00:59,744 - Mapped URL path [/**/favicon.ico] onto handler of type [class org.springframework.web.servlet.resource.ResourceHttpRequestHandler]
2017-10-22 11:01:00,030 - Started ProductCategoryDaoTest in 4.01 seconds (JVM running for 4.628)
2017-10-22 11:01:00,142 - Closing org.springframework.web.context.support.GenericWebApplicationContext@221a3fa4: startup date [Sun Oct 22 11:00:56 CST 2017]; root of context hierarchy
2017-10-22 11:01:00,144 - Closing JPA EntityManagerFactory for persistence unit 'default'
2017-10-22 11:01:10,374 - Starting ProductCategoryDaoTest on xiaocai-PC with PID 4036 (started by xiaocai in D:\dev\workspace\java\endorse_t)
2017-10-22 11:01:10,374 - No active profile set, falling back to default profiles: default
2017-10-22 11:01:10,401 - Refreshing org.springframework.web.context.support.GenericWebApplicationContext@221a3fa4: startup date [Sun Oct 22 11:01:10 CST 2017]; root of context hierarchy
2017-10-22 11:01:10,676 - HV000001: Hibernate Validator 5.3.5.Final
2017-10-22 11:01:11,910 - Building JPA container EntityManagerFactory for persistence unit 'default'
2017-10-22 11:01:11,922 - HHH000204: Processing PersistenceUnitInfo [
	name: default
	...]
2017-10-22 11:01:11,974 - HHH000412: Hibernate Core {5.0.12.Final}
2017-10-22 11:01:11,975 - HHH000206: hibernate.properties not found
2017-10-22 11:01:11,976 - HHH000021: Bytecode provider name : javassist
2017-10-22 11:01:12,007 - HCANN000001: Hibernate Commons Annotations {5.0.1.Final}
2017-10-22 11:01:12,092 - HHH000400: Using dialect: org.hibernate.dialect.MySQL5Dialect
2017-10-22 11:01:12,758 - Initialized JPA EntityManagerFactory for persistence unit 'default'
2017-10-22 11:01:13,425 - Looking for @ControllerAdvice: org.springframework.web.context.support.GenericWebApplicationContext@221a3fa4: startup date [Sun Oct 22 11:01:10 CST 2017]; root of context hierarchy
2017-10-22 11:01:13,498 - Mapped "{[/hello]}" onto public java.lang.String com.xiaocai.endorse_t.controller.HelloController.hello()
2017-10-22 11:01:13,499 - Mapped "{[/error]}" onto public org.springframework.http.ResponseEntity<java.util.Map<java.lang.String, java.lang.Object>> org.springframework.boot.autoconfigure.web.BasicErrorController.error(javax.servlet.http.HttpServletRequest)
2017-10-22 11:01:13,500 - Mapped "{[/error],produces=[text/html]}" onto public org.springframework.web.servlet.ModelAndView org.springframework.boot.autoconfigure.web.BasicErrorController.errorHtml(javax.servlet.http.HttpServletRequest,javax.servlet.http.HttpServletResponse)
2017-10-22 11:01:13,526 - Mapped URL path [/webjars/**] onto handler of type [class org.springframework.web.servlet.resource.ResourceHttpRequestHandler]
2017-10-22 11:01:13,526 - Mapped URL path [/**] onto handler of type [class org.springframework.web.servlet.resource.ResourceHttpRequestHandler]
2017-10-22 11:01:13,558 - Mapped URL path [/**/favicon.ico] onto handler of type [class org.springframework.web.servlet.resource.ResourceHttpRequestHandler]
2017-10-22 11:01:13,802 - Started ProductCategoryDaoTest in 3.931 seconds (JVM running for 4.488)
2017-10-22 11:01:13,945 - Closing org.springframework.web.context.support.GenericWebApplicationContext@221a3fa4: startup date [Sun Oct 22 11:01:10 CST 2017]; root of context hierarchy
2017-10-22 11:01:13,946 - Closing JPA EntityManagerFactory for persistence unit 'default'
2017-10-22 11:46:54,717 - Starting ProductCategoryDaoTest on xiaocai-PC with PID 6240 (started by xiaocai in D:\dev\workspace\java\endorse_t)
2017-10-22 11:46:54,717 - No active profile set, falling back to default profiles: default
2017-10-22 11:46:54,747 - Refreshing org.springframework.web.context.support.GenericWebApplicationContext@221a3fa4: startup date [Sun Oct 22 11:46:54 CST 2017]; root of context hierarchy
2017-10-22 11:46:55,026 - HV000001: Hibernate Validator 5.3.5.Final
2017-10-22 11:46:56,453 - Building JPA container EntityManagerFactory for persistence unit 'default'
2017-10-22 11:46:56,467 - HHH000204: Processing PersistenceUnitInfo [
	name: default
	...]
2017-10-22 11:46:56,519 - HHH000412: Hibernate Core {5.0.12.Final}
2017-10-22 11:46:56,520 - HHH000206: hibernate.properties not found
2017-10-22 11:46:56,521 - HHH000021: Bytecode provider name : javassist
2017-10-22 11:46:56,553 - HCANN000001: Hibernate Commons Annotations {5.0.1.Final}
2017-10-22 11:46:56,640 - HHH000400: Using dialect: org.hibernate.dialect.MySQL5Dialect
2017-10-22 11:46:57,319 - Initialized JPA EntityManagerFactory for persistence unit 'default'
2017-10-22 11:46:57,956 - Looking for @ControllerAdvice: org.springframework.web.context.support.GenericWebApplicationContext@221a3fa4: startup date [Sun Oct 22 11:46:54 CST 2017]; root of context hierarchy
2017-10-22 11:46:58,026 - Mapped "{[/hello]}" onto public java.lang.String com.xiaocai.endorse_t.controller.HelloController.hello()
2017-10-22 11:46:58,028 - Mapped "{[/error]}" onto public org.springframework.http.ResponseEntity<java.util.Map<java.lang.String, java.lang.Object>> org.springframework.boot.autoconfigure.web.BasicErrorController.error(javax.servlet.http.HttpServletRequest)
2017-10-22 11:46:58,028 - Mapped "{[/error],produces=[text/html]}" onto public org.springframework.web.servlet.ModelAndView org.springframework.boot.autoconfigure.web.BasicErrorController.errorHtml(javax.servlet.http.HttpServletRequest,javax.servlet.http.HttpServletResponse)
2017-10-22 11:46:58,052 - Mapped URL path [/webjars/**] onto handler of type [class org.springframework.web.servlet.resource.ResourceHttpRequestHandler]
2017-10-22 11:46:58,052 - Mapped URL path [/**] onto handler of type [class org.springframework.web.servlet.resource.ResourceHttpRequestHandler]
2017-10-22 11:46:58,085 - Mapped URL path [/**/favicon.ico] onto handler of type [class org.springframework.web.servlet.resource.ResourceHttpRequestHandler]
2017-10-22 11:46:58,318 - Started ProductCategoryDaoTest in 4.272 seconds (JVM running for 4.925)
2017-10-22 11:46:58,432 - Closing org.springframework.web.context.support.GenericWebApplicationContext@221a3fa4: startup date [Sun Oct 22 11:46:54 CST 2017]; root of context hierarchy
2017-10-22 11:46:58,434 - Closing JPA EntityManagerFactory for persistence unit 'default'
2017-10-22 11:47:18,747 - Starting ProductCategoryDaoTest on xiaocai-PC with PID 8872 (started by xiaocai in D:\dev\workspace\java\endorse_t)
2017-10-22 11:47:18,748 - No active profile set, falling back to default profiles: default
2017-10-22 11:47:18,780 - Refreshing org.springframework.web.context.support.GenericWebApplicationContext@221a3fa4: startup date [Sun Oct 22 11:47:18 CST 2017]; root of context hierarchy
2017-10-22 11:47:19,049 - HV000001: Hibernate Validator 5.3.5.Final
2017-10-22 11:47:20,378 - Building JPA container EntityManagerFactory for persistence unit 'default'
2017-10-22 11:47:20,390 - HHH000204: Processing PersistenceUnitInfo [
	name: default
	...]
2017-10-22 11:47:20,441 - HHH000412: Hibernate Core {5.0.12.Final}
2017-10-22 11:47:20,442 - HHH000206: hibernate.properties not found
2017-10-22 11:47:20,443 - HHH000021: Bytecode provider name : javassist
2017-10-22 11:47:20,474 - HCANN000001: Hibernate Commons Annotations {5.0.1.Final}
2017-10-22 11:47:20,560 - HHH000400: Using dialect: org.hibernate.dialect.MySQL5Dialect
2017-10-22 11:47:21,239 - Initialized JPA EntityManagerFactory for persistence unit 'default'
2017-10-22 11:47:21,873 - Looking for @ControllerAdvice: org.springframework.web.context.support.GenericWebApplicationContext@221a3fa4: startup date [Sun Oct 22 11:47:18 CST 2017]; root of context hierarchy
2017-10-22 11:47:21,945 - Mapped "{[/hello]}" onto public java.lang.String com.xiaocai.endorse_t.controller.HelloController.hello()
2017-10-22 11:47:21,946 - Mapped "{[/error]}" onto public org.springframework.http.ResponseEntity<java.util.Map<java.lang.String, java.lang.Object>> org.springframework.boot.autoconfigure.web.BasicErrorController.error(javax.servlet.http.HttpServletRequest)
2017-10-22 11:47:21,947 - Mapped "{[/error],produces=[text/html]}" onto public org.springframework.web.servlet.ModelAndView org.springframework.boot.autoconfigure.web.BasicErrorController.errorHtml(javax.servlet.http.HttpServletRequest,javax.servlet.http.HttpServletResponse)
2017-10-22 11:47:21,970 - Mapped URL path [/webjars/**] onto handler of type [class org.springframework.web.servlet.resource.ResourceHttpRequestHandler]
2017-10-22 11:47:21,970 - Mapped URL path [/**] onto handler of type [class org.springframework.web.servlet.resource.ResourceHttpRequestHandler]
2017-10-22 11:47:22,003 - Mapped URL path [/**/favicon.ico] onto handler of type [class org.springframework.web.servlet.resource.ResourceHttpRequestHandler]
2017-10-22 11:47:22,233 - Started ProductCategoryDaoTest in 4.043 seconds (JVM running for 4.628)
2017-10-22 11:47:22,343 - Closing org.springframework.web.context.support.GenericWebApplicationContext@221a3fa4: startup date [Sun Oct 22 11:47:18 CST 2017]; root of context hierarchy
2017-10-22 11:47:22,345 - Closing JPA EntityManagerFactory for persistence unit 'default'
2017-10-22 11:47:50,019 - Starting ProductCategoryDaoTest on xiaocai-PC with PID 4176 (started by xiaocai in D:\dev\workspace\java\endorse_t)
2017-10-22 11:47:50,019 - No active profile set, falling back to default profiles: default
2017-10-22 11:47:50,056 - Refreshing org.springframework.web.context.support.GenericWebApplicationContext@221a3fa4: startup date [Sun Oct 22 11:47:50 CST 2017]; root of context hierarchy
2017-10-22 11:47:50,334 - HV000001: Hibernate Validator 5.3.5.Final
2017-10-22 11:47:51,587 - Building JPA container EntityManagerFactory for persistence unit 'default'
2017-10-22 11:47:51,599 - HHH000204: Processing PersistenceUnitInfo [
	name: default
	...]
2017-10-22 11:47:51,651 - HHH000412: Hibernate Core {5.0.12.Final}
2017-10-22 11:47:51,652 - HHH000206: hibernate.properties not found
2017-10-22 11:47:51,653 - HHH000021: Bytecode provider name : javassist
2017-10-22 11:47:51,685 - HCANN000001: Hibernate Commons Annotations {5.0.1.Final}
2017-10-22 11:47:51,771 - HHH000400: Using dialect: org.hibernate.dialect.MySQL5Dialect
2017-10-22 11:47:52,462 - Initialized JPA EntityManagerFactory for persistence unit 'default'
2017-10-22 11:47:53,121 - Looking for @ControllerAdvice: org.springframework.web.context.support.GenericWebApplicationContext@221a3fa4: startup date [Sun Oct 22 11:47:50 CST 2017]; root of context hierarchy
2017-10-22 11:47:53,196 - Mapped "{[/hello]}" onto public java.lang.String com.xiaocai.endorse_t.controller.HelloController.hello()
2017-10-22 11:47:53,199 - Mapped "{[/error]}" onto public org.springframework.http.ResponseEntity<java.util.Map<java.lang.String, java.lang.Object>> org.springframework.boot.autoconfigure.web.BasicErrorController.error(javax.servlet.http.HttpServletRequest)
2017-10-22 11:47:53,199 - Mapped "{[/error],produces=[text/html]}" onto public org.springframework.web.servlet.ModelAndView org.springframework.boot.autoconfigure.web.BasicErrorController.errorHtml(javax.servlet.http.HttpServletRequest,javax.servlet.http.HttpServletResponse)
2017-10-22 11:47:53,230 - Mapped URL path [/webjars/**] onto handler of type [class org.springframework.web.servlet.resource.ResourceHttpRequestHandler]
2017-10-22 11:47:53,230 - Mapped URL path [/**] onto handler of type [class org.springframework.web.servlet.resource.ResourceHttpRequestHandler]
2017-10-22 11:47:53,263 - Mapped URL path [/**/favicon.ico] onto handler of type [class org.springframework.web.servlet.resource.ResourceHttpRequestHandler]
2017-10-22 11:47:53,499 - Started ProductCategoryDaoTest in 3.969 seconds (JVM running for 4.571)
2017-10-22 11:47:53,607 - Closing org.springframework.web.context.support.GenericWebApplicationContext@221a3fa4: startup date [Sun Oct 22 11:47:50 CST 2017]; root of context hierarchy
2017-10-22 11:47:53,608 - Closing JPA EntityManagerFactory for persistence unit 'default'
2017-10-22 11:49:03,528 - Starting ProductCategoryDaoTest on xiaocai-PC with PID 1924 (started by xiaocai in D:\dev\workspace\java\endorse_t)
2017-10-22 11:49:03,531 - No active profile set, falling back to default profiles: default
2017-10-22 11:49:03,565 - Refreshing org.springframework.web.context.support.GenericWebApplicationContext@451001e5: startup date [Sun Oct 22 11:49:03 CST 2017]; root of context hierarchy
2017-10-22 11:49:03,830 - HV000001: Hibernate Validator 5.3.5.Final
2017-10-22 11:49:05,129 - Building JPA container EntityManagerFactory for persistence unit 'default'
2017-10-22 11:49:05,141 - HHH000204: Processing PersistenceUnitInfo [
	name: default
	...]
2017-10-22 11:49:05,192 - HHH000412: Hibernate Core {5.0.12.Final}
2017-10-22 11:49:05,193 - HHH000206: hibernate.properties not found
2017-10-22 11:49:05,194 - HHH000021: Bytecode provider name : javassist
2017-10-22 11:49:05,227 - HCANN000001: Hibernate Commons Annotations {5.0.1.Final}
2017-10-22 11:49:05,313 - HHH000400: Using dialect: org.hibernate.dialect.MySQL5Dialect
2017-10-22 11:49:05,986 - Initialized JPA EntityManagerFactory for persistence unit 'default'
2017-10-22 11:49:06,607 - Looking for @ControllerAdvice: org.springframework.web.context.support.GenericWebApplicationContext@451001e5: startup date [Sun Oct 22 11:49:03 CST 2017]; root of context hierarchy
2017-10-22 11:49:06,671 - Mapped "{[/hello]}" onto public java.lang.String com.xiaocai.endorse_t.controller.HelloController.hello()
2017-10-22 11:49:06,673 - Mapped "{[/error]}" onto public org.springframework.http.ResponseEntity<java.util.Map<java.lang.String, java.lang.Object>> org.springframework.boot.autoconfigure.web.BasicErrorController.error(javax.servlet.http.HttpServletRequest)
2017-10-22 11:49:06,673 - Mapped "{[/error],produces=[text/html]}" onto public org.springframework.web.servlet.ModelAndView org.springframework.boot.autoconfigure.web.BasicErrorController.errorHtml(javax.servlet.http.HttpServletRequest,javax.servlet.http.HttpServletResponse)
2017-10-22 11:49:06,700 - Mapped URL path [/webjars/**] onto handler of type [class org.springframework.web.servlet.resource.ResourceHttpRequestHandler]
2017-10-22 11:49:06,700 - Mapped URL path [/**] onto handler of type [class org.springframework.web.servlet.resource.ResourceHttpRequestHandler]
2017-10-22 11:49:06,737 - Mapped URL path [/**/favicon.ico] onto handler of type [class org.springframework.web.servlet.resource.ResourceHttpRequestHandler]
2017-10-22 11:49:06,973 - Started ProductCategoryDaoTest in 3.91 seconds (JVM running for 4.484)
2017-10-22 11:49:07,150 - Closing org.springframework.web.context.support.GenericWebApplicationContext@451001e5: startup date [Sun Oct 22 11:49:03 CST 2017]; root of context hierarchy
2017-10-22 11:49:07,153 - Closing JPA EntityManagerFactory for persistence unit 'default'
2017-10-22 15:07:05,889 - Starting ProductCategoryDaoTest on xiaocai-PC with PID 11204 (started by xiaocai in D:\dev\workspace\java\endorse_t)
2017-10-22 15:07:05,889 - No active profile set, falling back to default profiles: default
2017-10-22 15:07:05,921 - Refreshing org.springframework.web.context.support.GenericWebApplicationContext@2b40ff9c: startup date [Sun Oct 22 15:07:05 CST 2017]; root of context hierarchy
2017-10-22 15:07:06,195 - HV000001: Hibernate Validator 5.3.5.Final
2017-10-22 15:07:07,457 - Building JPA container EntityManagerFactory for persistence unit 'default'
2017-10-22 15:07:07,468 - HHH000204: Processing PersistenceUnitInfo [
	name: default
	...]
2017-10-22 15:07:07,532 - HHH000412: Hibernate Core {5.0.12.Final}
2017-10-22 15:07:07,534 - HHH000206: hibernate.properties not found
2017-10-22 15:07:07,535 - HHH000021: Bytecode provider name : javassist
2017-10-22 15:07:07,575 - HCANN000001: Hibernate Commons Annotations {5.0.1.Final}
2017-10-22 15:07:07,660 - HHH000400: Using dialect: org.hibernate.dialect.MySQL5Dialect
2017-10-22 15:07:08,339 - Initialized JPA EntityManagerFactory for persistence unit 'default'
2017-10-22 15:07:09,016 - Looking for @ControllerAdvice: org.springframework.web.context.support.GenericWebApplicationContext@2b40ff9c: startup date [Sun Oct 22 15:07:05 CST 2017]; root of context hierarchy
2017-10-22 15:07:09,087 - Mapped "{[/hello]}" onto public java.lang.String com.xiaocai.endorse_t.controller.HelloController.hello()
2017-10-22 15:07:09,089 - Mapped "{[/error]}" onto public org.springframework.http.ResponseEntity<java.util.Map<java.lang.String, java.lang.Object>> org.springframework.boot.autoconfigure.web.BasicErrorController.error(javax.servlet.http.HttpServletRequest)
2017-10-22 15:07:09,089 - Mapped "{[/error],produces=[text/html]}" onto public org.springframework.web.servlet.ModelAndView org.springframework.boot.autoconfigure.web.BasicErrorController.errorHtml(javax.servlet.http.HttpServletRequest,javax.servlet.http.HttpServletResponse)
2017-10-22 15:07:09,123 - Mapped URL path [/webjars/**] onto handler of type [class org.springframework.web.servlet.resource.ResourceHttpRequestHandler]
2017-10-22 15:07:09,123 - Mapped URL path [/**] onto handler of type [class org.springframework.web.servlet.resource.ResourceHttpRequestHandler]
2017-10-22 15:07:09,159 - Mapped URL path [/**/favicon.ico] onto handler of type [class org.springframework.web.servlet.resource.ResourceHttpRequestHandler]
2017-10-22 15:07:09,409 - Started ProductCategoryDaoTest in 3.985 seconds (JVM running for 4.659)
2017-10-22 15:07:09,466 - HHH000397: Using ASTQueryTranslatorFactory
2017-10-22 15:07:09,607 - Closing org.springframework.web.context.support.GenericWebApplicationContext@2b40ff9c: startup date [Sun Oct 22 15:07:05 CST 2017]; root of context hierarchy
2017-10-22 15:07:09,608 - Closing JPA EntityManagerFactory for persistence unit 'default'
2017-10-22 15:08:36,822 - Starting ProductCategoryDaoTest on xiaocai-PC with PID 10448 (started by xiaocai in D:\dev\workspace\java\endorse_t)
2017-10-22 15:08:36,823 - No active profile set, falling back to default profiles: default
2017-10-22 15:08:36,856 - Refreshing org.springframework.web.context.support.GenericWebApplicationContext@2b40ff9c: startup date [Sun Oct 22 15:08:36 CST 2017]; root of context hierarchy
2017-10-22 15:08:37,118 - HV000001: Hibernate Validator 5.3.5.Final
2017-10-22 15:08:38,407 - Building JPA container EntityManagerFactory for persistence unit 'default'
2017-10-22 15:08:38,420 - HHH000204: Processing PersistenceUnitInfo [
	name: default
	...]
2017-10-22 15:08:38,481 - HHH000412: Hibernate Core {5.0.12.Final}
2017-10-22 15:08:38,482 - HHH000206: hibernate.properties not found
2017-10-22 15:08:38,483 - HHH000021: Bytecode provider name : javassist
2017-10-22 15:08:38,516 - HCANN000001: Hibernate Commons Annotations {5.0.1.Final}
2017-10-22 15:08:38,614 - HHH000400: Using dialect: org.hibernate.dialect.MySQL5Dialect
2017-10-22 15:08:39,296 - Initialized JPA EntityManagerFactory for persistence unit 'default'
2017-10-22 15:08:40,025 - Looking for @ControllerAdvice: org.springframework.web.context.support.GenericWebApplicationContext@2b40ff9c: startup date [Sun Oct 22 15:08:36 CST 2017]; root of context hierarchy
2017-10-22 15:08:40,089 - Mapped "{[/hello]}" onto public java.lang.String com.xiaocai.endorse_t.controller.HelloController.hello()
2017-10-22 15:08:40,091 - Mapped "{[/error]}" onto public org.springframework.http.ResponseEntity<java.util.Map<java.lang.String, java.lang.Object>> org.springframework.boot.autoconfigure.web.BasicErrorController.error(javax.servlet.http.HttpServletRequest)
2017-10-22 15:08:40,092 - Mapped "{[/error],produces=[text/html]}" onto public org.springframework.web.servlet.ModelAndView org.springframework.boot.autoconfigure.web.BasicErrorController.errorHtml(javax.servlet.http.HttpServletRequest,javax.servlet.http.HttpServletResponse)
2017-10-22 15:08:40,120 - Mapped URL path [/webjars/**] onto handler of type [class org.springframework.web.servlet.resource.ResourceHttpRequestHandler]
2017-10-22 15:08:40,120 - Mapped URL path [/**] onto handler of type [class org.springframework.web.servlet.resource.ResourceHttpRequestHandler]
2017-10-22 15:08:40,154 - Mapped URL path [/**/favicon.ico] onto handler of type [class org.springframework.web.servlet.resource.ResourceHttpRequestHandler]
2017-10-22 15:08:40,406 - Started ProductCategoryDaoTest in 4.054 seconds (JVM running for 4.688)
2017-10-22 15:08:40,464 - HHH000397: Using ASTQueryTranslatorFactory
2017-10-22 15:08:40,605 - Closing org.springframework.web.context.support.GenericWebApplicationContext@2b40ff9c: startup date [Sun Oct 22 15:08:36 CST 2017]; root of context hierarchy
2017-10-22 15:08:40,607 - Closing JPA EntityManagerFactory for persistence unit 'default'
2017-10-22 15:09:13,367 - Starting ProductCategoryDaoTest on xiaocai-PC with PID 9068 (started by xiaocai in D:\dev\workspace\java\endorse_t)
2017-10-22 15:09:13,368 - No active profile set, falling back to default profiles: default
2017-10-22 15:09:13,406 - Refreshing org.springframework.web.context.support.GenericWebApplicationContext@2b40ff9c: startup date [Sun Oct 22 15:09:13 CST 2017]; root of context hierarchy
2017-10-22 15:09:13,672 - HV000001: Hibernate Validator 5.3.5.Final
2017-10-22 15:09:14,916 - Building JPA container EntityManagerFactory for persistence unit 'default'
2017-10-22 15:09:14,929 - HHH000204: Processing PersistenceUnitInfo [
	name: default
	...]
2017-10-22 15:09:14,983 - HHH000412: Hibernate Core {5.0.12.Final}
2017-10-22 15:09:14,984 - HHH000206: hibernate.properties not found
2017-10-22 15:09:14,985 - HHH000021: Bytecode provider name : javassist
2017-10-22 15:09:15,018 - HCANN000001: Hibernate Commons Annotations {5.0.1.Final}
2017-10-22 15:09:15,107 - HHH000400: Using dialect: org.hibernate.dialect.MySQL5Dialect
2017-10-22 15:09:15,823 - Initialized JPA EntityManagerFactory for persistence unit 'default'
2017-10-22 15:09:16,489 - Looking for @ControllerAdvice: org.springframework.web.context.support.GenericWebApplicationContext@2b40ff9c: startup date [Sun Oct 22 15:09:13 CST 2017]; root of context hierarchy
2017-10-22 15:09:16,551 - Mapped "{[/hello]}" onto public java.lang.String com.xiaocai.endorse_t.controller.HelloController.hello()
2017-10-22 15:09:16,553 - Mapped "{[/error]}" onto public org.springframework.http.ResponseEntity<java.util.Map<java.lang.String, java.lang.Object>> org.springframework.boot.autoconfigure.web.BasicErrorController.error(javax.servlet.http.HttpServletRequest)
2017-10-22 15:09:16,554 - Mapped "{[/error],produces=[text/html]}" onto public org.springframework.web.servlet.ModelAndView org.springframework.boot.autoconfigure.web.BasicErrorController.errorHtml(javax.servlet.http.HttpServletRequest,javax.servlet.http.HttpServletResponse)
2017-10-22 15:09:16,585 - Mapped URL path [/webjars/**] onto handler of type [class org.springframework.web.servlet.resource.ResourceHttpRequestHandler]
2017-10-22 15:09:16,585 - Mapped URL path [/**] onto handler of type [class org.springframework.web.servlet.resource.ResourceHttpRequestHandler]
2017-10-22 15:09:16,626 - Mapped URL path [/**/favicon.ico] onto handler of type [class org.springframework.web.servlet.resource.ResourceHttpRequestHandler]
2017-10-22 15:09:16,873 - Started ProductCategoryDaoTest in 4.028 seconds (JVM running for 4.606)
2017-10-22 15:09:16,929 - HHH000397: Using ASTQueryTranslatorFactory
2017-10-22 15:09:17,051 - Closing org.springframework.web.context.support.GenericWebApplicationContext@2b40ff9c: startup date [Sun Oct 22 15:09:13 CST 2017]; root of context hierarchy
2017-10-22 15:09:17,053 - Closing JPA EntityManagerFactory for persistence unit 'default'
2017-10-22 16:06:59,566 - Starting ProductCategoryDaoTest on xiaocai-PC with PID 10996 (started by xiaocai in D:\dev\workspace\java\endorse_t)
2017-10-22 16:06:59,566 - No active profile set, falling back to default profiles: default
2017-10-22 16:06:59,596 - Refreshing org.springframework.web.context.support.GenericWebApplicationContext@2b40ff9c: startup date [Sun Oct 22 16:06:59 CST 2017]; root of context hierarchy
2017-10-22 16:06:59,865 - HV000001: Hibernate Validator 5.3.5.Final
2017-10-22 16:07:01,244 - Building JPA container EntityManagerFactory for persistence unit 'default'
2017-10-22 16:07:01,257 - HHH000204: Processing PersistenceUnitInfo [
	name: default
	...]
2017-10-22 16:07:01,314 - HHH000412: Hibernate Core {5.0.12.Final}
2017-10-22 16:07:01,315 - HHH000206: hibernate.properties not found
2017-10-22 16:07:01,316 - HHH000021: Bytecode provider name : javassist
2017-10-22 16:07:01,351 - HCANN000001: Hibernate Commons Annotations {5.0.1.Final}
2017-10-22 16:07:01,445 - HHH000400: Using dialect: org.hibernate.dialect.MySQL5Dialect
2017-10-22 16:07:02,143 - Initialized JPA EntityManagerFactory for persistence unit 'default'
2017-10-22 16:07:02,819 - Looking for @ControllerAdvice: org.springframework.web.context.support.GenericWebApplicationContext@2b40ff9c: startup date [Sun Oct 22 16:06:59 CST 2017]; root of context hierarchy
2017-10-22 16:07:02,910 - Mapped "{[/hello]}" onto public java.lang.String com.xiaocai.endorse_t.controller.HelloController.hello()
2017-10-22 16:07:02,913 - Mapped "{[/error]}" onto public org.springframework.http.ResponseEntity<java.util.Map<java.lang.String, java.lang.Object>> org.springframework.boot.autoconfigure.web.BasicErrorController.error(javax.servlet.http.HttpServletRequest)
2017-10-22 16:07:02,913 - Mapped "{[/error],produces=[text/html]}" onto public org.springframework.web.servlet.ModelAndView org.springframework.boot.autoconfigure.web.BasicErrorController.errorHtml(javax.servlet.http.HttpServletRequest,javax.servlet.http.HttpServletResponse)
2017-10-22 16:07:02,948 - Mapped URL path [/webjars/**] onto handler of type [class org.springframework.web.servlet.resource.ResourceHttpRequestHandler]
2017-10-22 16:07:02,949 - Mapped URL path [/**] onto handler of type [class org.springframework.web.servlet.resource.ResourceHttpRequestHandler]
2017-10-22 16:07:02,988 - Mapped URL path [/**/favicon.ico] onto handler of type [class org.springframework.web.servlet.resource.ResourceHttpRequestHandler]
2017-10-22 16:07:03,231 - Started ProductCategoryDaoTest in 4.132 seconds (JVM running for 4.699)
2017-10-22 16:07:03,317 - HHH000397: Using ASTQueryTranslatorFactory
2017-10-22 16:07:03,469 - Closing org.springframework.web.context.support.GenericWebApplicationContext@2b40ff9c: startup date [Sun Oct 22 16:06:59 CST 2017]; root of context hierarchy
2017-10-22 16:07:03,471 - Closing JPA EntityManagerFactory for persistence unit 'default'
2017-10-22 16:34:09,566 - Starting ProductCategoryDaoTest on xiaocai-PC with PID 10488 (started by xiaocai in D:\dev\workspace\java\endorse_t)
2017-10-22 16:34:09,567 - No active profile set, falling back to default profiles: default
2017-10-22 16:34:09,601 - Refreshing org.springframework.web.context.support.GenericWebApplicationContext@5ddeb7cb: startup date [Sun Oct 22 16:34:09 CST 2017]; root of context hierarchy
2017-10-22 16:34:09,861 - HV000001: Hibernate Validator 5.3.5.Final
2017-10-22 16:34:11,106 - Building JPA container EntityManagerFactory for persistence unit 'default'
2017-10-22 16:34:11,118 - HHH000204: Processing PersistenceUnitInfo [
	name: default
	...]
2017-10-22 16:34:11,170 - HHH000412: Hibernate Core {5.0.12.Final}
2017-10-22 16:34:11,171 - HHH000206: hibernate.properties not found
2017-10-22 16:34:11,172 - HHH000021: Bytecode provider name : javassist
2017-10-22 16:34:11,204 - HCANN000001: Hibernate Commons Annotations {5.0.1.Final}
2017-10-22 16:34:11,293 - HHH000400: Using dialect: org.hibernate.dialect.MySQL5Dialect
2017-10-22 16:34:11,955 - Initialized JPA EntityManagerFactory for persistence unit 'default'
2017-10-22 16:34:12,666 - Looking for @ControllerAdvice: org.springframework.web.context.support.GenericWebApplicationContext@5ddeb7cb: startup date [Sun Oct 22 16:34:09 CST 2017]; root of context hierarchy
2017-10-22 16:34:12,743 - Mapped "{[/hello]}" onto public java.lang.String com.xiaocai.endorse_t.controller.HelloController.hello()
2017-10-22 16:34:12,746 - Mapped "{[/error]}" onto public org.springframework.http.ResponseEntity<java.util.Map<java.lang.String, java.lang.Object>> org.springframework.boot.autoconfigure.web.BasicErrorController.error(javax.servlet.http.HttpServletRequest)
2017-10-22 16:34:12,746 - Mapped "{[/error],produces=[text/html]}" onto public org.springframework.web.servlet.ModelAndView org.springframework.boot.autoconfigure.web.BasicErrorController.errorHtml(javax.servlet.http.HttpServletRequest,javax.servlet.http.HttpServletResponse)
2017-10-22 16:34:12,775 - Mapped URL path [/webjars/**] onto handler of type [class org.springframework.web.servlet.resource.ResourceHttpRequestHandler]
2017-10-22 16:34:12,775 - Mapped URL path [/**] onto handler of type [class org.springframework.web.servlet.resource.ResourceHttpRequestHandler]
2017-10-22 16:34:12,812 - Mapped URL path [/**/favicon.ico] onto handler of type [class org.springframework.web.servlet.resource.ResourceHttpRequestHandler]
2017-10-22 16:34:13,092 - Started ProductCategoryDaoTest in 4.043 seconds (JVM running for 4.643)
2017-10-22 16:34:13,228 - Began transaction (1) for test context [DefaultTestContext@62fdb4a6 testClass = ProductCategoryDaoTest, testInstance = com.xiaocai.endorse_t.dao.ProductCategoryDaoTest@226d5af0, testMethod = saveTest@ProductCategoryDaoTest, testException = [null], mergedContextConfiguration = [WebMergedContextConfiguration@11e21d0e testClass = ProductCategoryDaoTest, locations = '{}', classes = '{class com.xiaocai.endorse_t.EndorseTApplication}', contextInitializerClasses = '[]', activeProfiles = '{}', propertySourceLocations = '{}', propertySourceProperties = '{org.springframework.boot.test.context.SpringBootTestContextBootstrapper=true}', contextCustomizers = set[org.springframework.boot.test.context.SpringBootTestContextCustomizer@ff5b51f, org.springframework.boot.test.context.filter.ExcludeFilterContextCustomizer@69ea3742, org.springframework.boot.test.json.DuplicateJsonObjectContextCustomizerFactory$DuplicateJsonObjectContextCustomizer@73846619, org.springframework.boot.test.mock.mockito.MockitoContextCustomizer@0, org.springframework.boot.test.autoconfigure.properties.PropertyMappingContextCustomizer@0, org.springframework.boot.test.autoconfigure.web.servlet.WebDriverContextCustomizerFactory$Customizer@6d7b4f4c], resourceBasePath = 'src/main/webapp', contextLoader = 'org.springframework.boot.test.context.SpringBootContextLoader', parent = [null]]]; transaction manager [org.springframework.orm.jpa.JpaTransactionManager@72c9ebfa]; rollback [true]
2017-10-22 16:34:13,293 - Rolled back transaction for test context [DefaultTestContext@62fdb4a6 testClass = ProductCategoryDaoTest, testInstance = com.xiaocai.endorse_t.dao.ProductCategoryDaoTest@226d5af0, testMethod = saveTest@ProductCategoryDaoTest, testException = [null], mergedContextConfiguration = [WebMergedContextConfiguration@11e21d0e testClass = ProductCategoryDaoTest, locations = '{}', classes = '{class com.xiaocai.endorse_t.EndorseTApplication}', contextInitializerClasses = '[]', activeProfiles = '{}', propertySourceLocations = '{}', propertySourceProperties = '{org.springframework.boot.test.context.SpringBootTestContextBootstrapper=true}', contextCustomizers = set[org.springframework.boot.test.context.SpringBootTestContextCustomizer@ff5b51f, org.springframework.boot.test.context.filter.ExcludeFilterContextCustomizer@69ea3742, org.springframework.boot.test.json.DuplicateJsonObjectContextCustomizerFactory$DuplicateJsonObjectContextCustomizer@73846619, org.springframework.boot.test.mock.mockito.MockitoContextCustomizer@0, org.springframework.boot.test.autoconfigure.properties.PropertyMappingContextCustomizer@0, org.springframework.boot.test.autoconfigure.web.servlet.WebDriverContextCustomizerFactory$Customizer@6d7b4f4c], resourceBasePath = 'src/main/webapp', contextLoader = 'org.springframework.boot.test.context.SpringBootContextLoader', parent = [null]]].
2017-10-22 16:34:13,296 - Closing org.springframework.web.context.support.GenericWebApplicationContext@5ddeb7cb: startup date [Sun Oct 22 16:34:09 CST 2017]; root of context hierarchy
2017-10-22 16:34:13,298 - Closing JPA EntityManagerFactory for persistence unit 'default'
2017-10-22 16:34:40,576 - Starting ProductCategoryDaoTest on xiaocai-PC with PID 7844 (started by xiaocai in D:\dev\workspace\java\endorse_t)
2017-10-22 16:34:40,577 - No active profile set, falling back to default profiles: default
2017-10-22 16:34:40,608 - Refreshing org.springframework.web.context.support.GenericWebApplicationContext@2b40ff9c: startup date [Sun Oct 22 16:34:40 CST 2017]; root of context hierarchy
2017-10-22 16:34:40,862 - HV000001: Hibernate Validator 5.3.5.Final
2017-10-22 16:34:42,229 - Building JPA container EntityManagerFactory for persistence unit 'default'
2017-10-22 16:34:42,244 - HHH000204: Processing PersistenceUnitInfo [
	name: default
	...]
2017-10-22 16:34:42,307 - HHH000412: Hibernate Core {5.0.12.Final}
2017-10-22 16:34:42,309 - HHH000206: hibernate.properties not found
2017-10-22 16:34:42,310 - HHH000021: Bytecode provider name : javassist
2017-10-22 16:34:42,348 - HCANN000001: Hibernate Commons Annotations {5.0.1.Final}
2017-10-22 16:34:42,444 - HHH000400: Using dialect: org.hibernate.dialect.MySQL5Dialect
2017-10-22 16:34:43,135 - Initialized JPA EntityManagerFactory for persistence unit 'default'
2017-10-22 16:34:43,836 - Looking for @ControllerAdvice: org.springframework.web.context.support.GenericWebApplicationContext@2b40ff9c: startup date [Sun Oct 22 16:34:40 CST 2017]; root of context hierarchy
2017-10-22 16:34:43,904 - Mapped "{[/hello]}" onto public java.lang.String com.xiaocai.endorse_t.controller.HelloController.hello()
2017-10-22 16:34:43,906 - Mapped "{[/error]}" onto public org.springframework.http.ResponseEntity<java.util.Map<java.lang.String, java.lang.Object>> org.springframework.boot.autoconfigure.web.BasicErrorController.error(javax.servlet.http.HttpServletRequest)
2017-10-22 16:34:43,906 - Mapped "{[/error],produces=[text/html]}" onto public org.springframework.web.servlet.ModelAndView org.springframework.boot.autoconfigure.web.BasicErrorController.errorHtml(javax.servlet.http.HttpServletRequest,javax.servlet.http.HttpServletResponse)
2017-10-22 16:34:43,928 - Mapped URL path [/webjars/**] onto handler of type [class org.springframework.web.servlet.resource.ResourceHttpRequestHandler]
2017-10-22 16:34:43,928 - Mapped URL path [/**] onto handler of type [class org.springframework.web.servlet.resource.ResourceHttpRequestHandler]
2017-10-22 16:34:43,959 - Mapped URL path [/**/favicon.ico] onto handler of type [class org.springframework.web.servlet.resource.ResourceHttpRequestHandler]
2017-10-22 16:34:44,207 - Started ProductCategoryDaoTest in 4.094 seconds (JVM running for 4.724)
2017-10-22 16:34:44,334 - Closing org.springframework.web.context.support.GenericWebApplicationContext@2b40ff9c: startup date [Sun Oct 22 16:34:40 CST 2017]; root of context hierarchy
2017-10-22 16:34:44,337 - Closing JPA EntityManagerFactory for persistence unit 'default'
2017-10-22 16:35:01,399 - Starting ProductCategoryDaoTest on xiaocai-PC with PID 9084 (started by xiaocai in D:\dev\workspace\java\endorse_t)
2017-10-22 16:35:01,399 - No active profile set, falling back to default profiles: default
2017-10-22 16:35:01,428 - Refreshing org.springframework.web.context.support.GenericWebApplicationContext@5ddeb7cb: startup date [Sun Oct 22 16:35:01 CST 2017]; root of context hierarchy
2017-10-22 16:35:01,706 - HV000001: Hibernate Validator 5.3.5.Final
2017-10-22 16:35:03,066 - Building JPA container EntityManagerFactory for persistence unit 'default'
2017-10-22 16:35:03,078 - HHH000204: Processing PersistenceUnitInfo [
	name: default
	...]
2017-10-22 16:35:03,130 - HHH000412: Hibernate Core {5.0.12.Final}
2017-10-22 16:35:03,131 - HHH000206: hibernate.properties not found
2017-10-22 16:35:03,132 - HHH000021: Bytecode provider name : javassist
2017-10-22 16:35:03,164 - HCANN000001: Hibernate Commons Annotations {5.0.1.Final}
2017-10-22 16:35:03,252 - HHH000400: Using dialect: org.hibernate.dialect.MySQL5Dialect
2017-10-22 16:35:03,952 - Initialized JPA EntityManagerFactory for persistence unit 'default'
2017-10-22 16:35:04,655 - Looking for @ControllerAdvice: org.springframework.web.context.support.GenericWebApplicationContext@5ddeb7cb: startup date [Sun Oct 22 16:35:01 CST 2017]; root of context hierarchy
2017-10-22 16:35:04,729 - Mapped "{[/hello]}" onto public java.lang.String com.xiaocai.endorse_t.controller.HelloController.hello()
2017-10-22 16:35:04,732 - Mapped "{[/error]}" onto public org.springframework.http.ResponseEntity<java.util.Map<java.lang.String, java.lang.Object>> org.springframework.boot.autoconfigure.web.BasicErrorController.error(javax.servlet.http.HttpServletRequest)
2017-10-22 16:35:04,732 - Mapped "{[/error],produces=[text/html]}" onto public org.springframework.web.servlet.ModelAndView org.springframework.boot.autoconfigure.web.BasicErrorController.errorHtml(javax.servlet.http.HttpServletRequest,javax.servlet.http.HttpServletResponse)
2017-10-22 16:35:04,760 - Mapped URL path [/webjars/**] onto handler of type [class org.springframework.web.servlet.resource.ResourceHttpRequestHandler]
2017-10-22 16:35:04,760 - Mapped URL path [/**] onto handler of type [class org.springframework.web.servlet.resource.ResourceHttpRequestHandler]
2017-10-22 16:35:04,804 - Mapped URL path [/**/favicon.ico] onto handler of type [class org.springframework.web.servlet.resource.ResourceHttpRequestHandler]
2017-10-22 16:35:05,046 - Started ProductCategoryDaoTest in 4.106 seconds (JVM running for 4.693)
2017-10-22 16:35:05,093 - Began transaction (1) for test context [DefaultTestContext@62fdb4a6 testClass = ProductCategoryDaoTest, testInstance = com.xiaocai.endorse_t.dao.ProductCategoryDaoTest@61b60600, testMethod = saveTest@ProductCategoryDaoTest, testException = [null], mergedContextConfiguration = [WebMergedContextConfiguration@11e21d0e testClass = ProductCategoryDaoTest, locations = '{}', classes = '{class com.xiaocai.endorse_t.EndorseTApplication}', contextInitializerClasses = '[]', activeProfiles = '{}', propertySourceLocations = '{}', propertySourceProperties = '{org.springframework.boot.test.context.SpringBootTestContextBootstrapper=true}', contextCustomizers = set[org.springframework.boot.test.context.SpringBootTestContextCustomizer@ff5b51f, org.springframework.boot.test.context.filter.ExcludeFilterContextCustomizer@69ea3742, org.springframework.boot.test.json.DuplicateJsonObjectContextCustomizerFactory$DuplicateJsonObjectContextCustomizer@73846619, org.springframework.boot.test.mock.mockito.MockitoContextCustomizer@0, org.springframework.boot.test.autoconfigure.properties.PropertyMappingContextCustomizer@0, org.springframework.boot.test.autoconfigure.web.servlet.WebDriverContextCustomizerFactory$Customizer@6d7b4f4c], resourceBasePath = 'src/main/webapp', contextLoader = 'org.springframework.boot.test.context.SpringBootContextLoader', parent = [null]]]; transaction manager [org.springframework.orm.jpa.JpaTransactionManager@7994a0d1]; rollback [true]
2017-10-22 16:35:05,187 - Rolled back transaction for test context [DefaultTestContext@62fdb4a6 testClass = ProductCategoryDaoTest, testInstance = com.xiaocai.endorse_t.dao.ProductCategoryDaoTest@61b60600, testMethod = saveTest@ProductCategoryDaoTest, testException = [null], mergedContextConfiguration = [WebMergedContextConfiguration@11e21d0e testClass = ProductCategoryDaoTest, locations = '{}', classes = '{class com.xiaocai.endorse_t.EndorseTApplication}', contextInitializerClasses = '[]', activeProfiles = '{}', propertySourceLocations = '{}', propertySourceProperties = '{org.springframework.boot.test.context.SpringBootTestContextBootstrapper=true}', contextCustomizers = set[org.springframework.boot.test.context.SpringBootTestContextCustomizer@ff5b51f, org.springframework.boot.test.context.filter.ExcludeFilterContextCustomizer@69ea3742, org.springframework.boot.test.json.DuplicateJsonObjectContextCustomizerFactory$DuplicateJsonObjectContextCustomizer@73846619, org.springframework.boot.test.mock.mockito.MockitoContextCustomizer@0, org.springframework.boot.test.autoconfigure.properties.PropertyMappingContextCustomizer@0, org.springframework.boot.test.autoconfigure.web.servlet.WebDriverContextCustomizerFactory$Customizer@6d7b4f4c], resourceBasePath = 'src/main/webapp', contextLoader = 'org.springframework.boot.test.context.SpringBootContextLoader', parent = [null]]].
2017-10-22 16:35:05,190 - Closing org.springframework.web.context.support.GenericWebApplicationContext@5ddeb7cb: startup date [Sun Oct 22 16:35:01 CST 2017]; root of context hierarchy
2017-10-22 16:35:05,193 - Closing JPA EntityManagerFactory for persistence unit 'default'
